<?xml version="1.0" encoding="UTF-8"?>
<!-- Generated by org.testng.reporters.JUnitReportReporter -->
<testsuite skipped="0" hostname="DESKTOP-O7FV5V6" name="Katt_Project.Katt_Project.FirstClass_Katt" tests="6" failures="0" timestamp="20 maj 2019 19:11:21 GMT" time="7.157" errors="0">
  <testcase name="testGetQueuedFacts" time="2.172" classname="Katt_Project.Katt_Project.FirstClass_Katt"/>
  <testcase name="testGetAmountOfTheAnimals_Horse" time="0.910" classname="Katt_Project.Katt_Project.FirstClass_Katt"/>
  <testcase name="testGetRandomFact_givenAnimalType_Cat" time="0.726" classname="Katt_Project.Katt_Project.FirstClass_Katt"/>
  <testcase name="testGetAmountOfTheAnimals_Cat" time="1.078" classname="Katt_Project.Katt_Project.FirstClass_Katt"/>
  <testcase name="getFactByID" time="1.533" classname="Katt_Project.Katt_Project.FirstClass_Katt"/>
  <testcase name="testGetRandomFact_givenAnimalType_Horse" time="0.738" classname="Katt_Project.Katt_Project.FirstClass_Katt"/>
</testsuite> <!-- Katt_Project.Katt_Project.FirstClass_Katt -->
